[debug] [2023-06-29T03:06:49.527Z] ----------------------------------------------------------------------
[debug] [2023-06-29T03:06:49.532Z] Command:       C:\Program Files\nodejs\node.exe C:\Users\Fabiano\AppData\Roaming\npm\node_modules\firebase-tools\lib\bin\firebase.js init
[debug] [2023-06-29T03:06:49.533Z] CLI Version:   12.3.1
[debug] [2023-06-29T03:06:49.534Z] Platform:      win32
[debug] [2023-06-29T03:06:49.534Z] Node Version:  v18.16.0
[debug] [2023-06-29T03:06:49.537Z] Time:          Thu Jun 29 2023 00:06:49 GMT-0300 (Horário Padrão de Brasília)
[debug] [2023-06-29T03:06:49.537Z] ----------------------------------------------------------------------
[debug] 
[debug] [2023-06-29T03:06:49.556Z] > command requires scopes: ["email","openid","https://www.googleapis.com/auth/cloudplatformprojects.readonly","https://www.googleapis.com/auth/firebase","https://www.googleapis.com/auth/cloud-platform"]
[debug] [2023-06-29T03:06:49.558Z] > authorizing via signed-in user (fabianoalves.fba@gmail.com)
[info] 
     ######## #### ########  ######## ########     ###     ######  ########
     ##        ##  ##     ## ##       ##     ##  ##   ##  ##       ##
     ######    ##  ########  ######   ########  #########  ######  ######
     ##        ##  ##    ##  ##       ##     ## ##     ##       ## ##
     ##       #### ##     ## ######## ########  ##     ##  ######  ########

You're about to initialize a Firebase project in this directory:

  C:\Users\Fabiano\Documents\GitHub\PetShow

[info] 
=== Project Setup
[info] 
[info] First, let's associate this project directory with a Firebase project.
[info] You can create multiple project aliases by running firebase use --add, 
[info] but for now we'll just set up a default project.
[info] 
[debug] [2023-06-29T03:07:32.603Z] >>> [apiv2][query] GET https://firebase.googleapis.com/v1beta1/projects pageSize=100
[debug] [2023-06-29T03:07:33.637Z] <<< [apiv2][status] GET https://firebase.googleapis.com/v1beta1/projects 200
[debug] [2023-06-29T03:07:33.637Z] <<< [apiv2][body] GET https://firebase.googleapis.com/v1beta1/projects [omitted]
[info] i  Using project sitemodelopetshow (SitemodeloPetShow) 
[info] 
=== Hosting Setup
[info] 
[info] Your public directory is the folder (relative to your project directory) that
[info] will contain Hosting assets to be uploaded with firebase deploy. If you
[info] have a build process for your assets, use your build's output directory.
[info] 
[info] +  Wrote y/404.html 
[debug] [2023-06-29T03:08:02.728Z] >>> [apiv2][query] GET https://www.gstatic.com/firebasejs/releases.json [none]
[debug] [2023-06-29T03:08:02.915Z] <<< [apiv2][status] GET https://www.gstatic.com/firebasejs/releases.json 200
[debug] [2023-06-29T03:08:02.915Z] <<< [apiv2][body] GET https://www.gstatic.com/firebasejs/releases.json {"current":{"version":"9.23.0","browserURL":"https://www.gstatic.com/firebasejs/9.23.0/firebase.js","packageURL":"https://www.gstatic.com/firebasejs/9.23.0/firebase.tgz"},"live":{"version":"9.23","browserURL":"https://www.gstatic.com/firebasejs/live/9.23/firebase.js","packageURL":"https://www.gstatic.com/firebasejs/live/9.23/firebase.tgz"},"components":{"analytics":"https://www.gstatic.com/firebasejs/9.23.0/firebase-analytics.js","app":"https://www.gstatic.com/firebasejs/9.23.0/firebase-app.js","app-check":"https://www.gstatic.com/firebasejs/9.23.0/firebase-app-check.js","auth":"https://www.gstatic.com/firebasejs/9.23.0/firebase-auth.js","auth/cordova":"https://www.gstatic.com/firebasejs/9.23.0/firebase-auth/cordova.js","auth/react-native":"https://www.gstatic.com/firebasejs/9.23.0/firebase-auth/react-native.js","functions":"https://www.gstatic.com/firebasejs/9.23.0/firebase-functions.js","firestore":"https://www.gstatic.com/firebasejs/9.23.0/firebase-firestore.js","firestore/lite":"https://www.gstatic.com/firebasejs/9.23.0/firebase-firestore/lite.js","installations":"https://www.gstatic.com/firebasejs/9.23.0/firebase-installations.js","storage":"https://www.gstatic.com/firebasejs/9.23.0/firebase-storage.js","performance":"https://www.gstatic.com/firebasejs/9.23.0/firebase-performance.js","remote-config":"https://www.gstatic.com/firebasejs/9.23.0/firebase-remote-config.js","messaging":"https://www.gstatic.com/firebasejs/9.23.0/firebase-messaging.js","messaging/sw":"https://www.gstatic.com/firebasejs/9.23.0/firebase-messaging/sw.js","database":"https://www.gstatic.com/firebasejs/9.23.0/firebase-database.js","firestore.memory":"https://www.gstatic.com/firebasejs/9.23.0/firebase-firestore.memory.js"}}
[info] +  Wrote y/index.html 
[info] 
[info] i  Detected a .git folder at C:\Users\Fabiano\Documents\GitHub\PetShow 
[info] i  Authorizing with GitHub to upload your service account to a GitHub repository's secrets store. 
[info] 
[info] Visit this URL on this device to log in:
[info] https://github.com/login/oauth/authorize?client_id=89cf50f02ac6aaed3484&state=963879103&redirect_uri=http%3A%2F%2Flocalhost%3A9005&scope=read%3Auser%20repo%20public_repo
[info] 
[info] Waiting for authentication...
[debug] [2023-06-29T03:08:05.012Z] >>> [apiv2][query] POST https://github.com/login/oauth/access_token [none]
[debug] [2023-06-29T03:08:05.012Z] >>> [apiv2][body] POST https://github.com/login/oauth/access_token [stream]
[debug] [2023-06-29T03:08:05.314Z] <<< [apiv2][status] POST https://github.com/login/oauth/access_token 200
[debug] [2023-06-29T03:08:05.314Z] <<< [apiv2][body] POST https://github.com/login/oauth/access_token {"access_token":"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","token_type":"bearer","scope":"read:user,repo"}
[debug] [2023-06-29T03:08:05.326Z] >>> [apiv2][query] GET https://api.github.com/user [none]
[debug] [2023-06-29T03:08:05.733Z] <<< [apiv2][status] GET https://api.github.com/user 200
[debug] [2023-06-29T03:08:05.733Z] <<< [apiv2][body] GET https://api.github.com/user {"login":"FabianoAlves-Projects","id":55191400,"node_id":"MDQ6VXNlcjU1MTkxNDAw","avatar_url":"https://avatars.githubusercontent.com/u/55191400?v=4","gravatar_id":"","url":"https://api.github.com/users/FabianoAlves-Projects","html_url":"https://github.com/FabianoAlves-Projects","followers_url":"https://api.github.com/users/FabianoAlves-Projects/followers","following_url":"https://api.github.com/users/FabianoAlves-Projects/following{/other_user}","gists_url":"https://api.github.com/users/FabianoAlves-Projects/gists{/gist_id}","starred_url":"https://api.github.com/users/FabianoAlves-Projects/starred{/owner}{/repo}","subscriptions_url":"https://api.github.com/users/FabianoAlves-Projects/subscriptions","organizations_url":"https://api.github.com/users/FabianoAlves-Projects/orgs","repos_url":"https://api.github.com/users/FabianoAlves-Projects/repos","events_url":"https://api.github.com/users/FabianoAlves-Projects/events{/privacy}","received_events_url":"https://api.github.com/users/FabianoAlves-Projects/received_events","type":"User","site_admin":false,"name":"Fabiano Alves","company":null,"blog":"www.fw7sistemas.com.br","location":null,"email":null,"hireable":null,"bio":null,"twitter_username":null,"public_repos":5,"public_gists":0,"followers":1,"following":2,"created_at":"2019-09-11T11:52:36Z","updated_at":"2023-06-28T21:17:28Z","private_gists":0,"total_private_repos":5,"owned_private_repos":5,"disk_usage":31539,"collaborators":0,"two_factor_authentication":false,"plan":{"name":"free","space":976562499,"collaborators":0,"private_repos":10000}}
[info] 
[info] +  Success! Logged into GitHub as FabianoAlves-Projects 
[info] 
